<?xml version="1.0" encoding="UTF-8"?>
<testng-results ignored="0" total="1" passed="1" failed="0" skipped="0">
  <reporter-output>
  </reporter-output>
  <suite started-at="2022-02-03T15:49:44 EST" name="Default suite" finished-at="2022-02-03T15:50:02 EST" duration-ms="18456">
    <groups>
    </groups>
    <test started-at="2022-02-03T15:49:44 EST" name="Default test" finished-at="2022-02-03T15:50:02 EST" duration-ms="18456">
      <class name="test.AddContactTest">
        <test-method signature="validUserShouldBeAbletoAddCustomer()[pri:0, instance:test.AddContactTest@74c79fa2]" started-at="2022-02-03T15:49:44 EST" name="validUserShouldBeAbletoAddCustomer" finished-at="2022-02-03T15:50:02 EST" duration-ms="18075" status="PASS">
          <reporter-output>
          </reporter-output>
        </test-method> <!-- validUserShouldBeAbletoAddCustomer -->
        <test-method is-config="true" signature="tearDown()[pri:0, instance:test.AddContactTest@74c79fa2]" started-at="2022-02-03T15:50:02 EST" name="tearDown" finished-at="2022-02-03T15:50:02 EST" duration-ms="323" status="PASS">
          <reporter-output>
          </reporter-output>
        </test-method> <!-- tearDown -->
      </class> <!-- test.AddContactTest -->
    </test> <!-- Default test -->
  </suite> <!-- Default suite -->
</testng-results>
